# JRE version: OpenJDK Runtime Environment (21.0.2+13) (build 21.0.2+13-58)
# Java VM: OpenJDK 64-Bit Server VM (21.0.2+13-58, mixed mode, sharing, tiered, compressed oops, compressed class ptrs, g1 gc, linux-amd64)
GC Precious Log:
 CardTable entry size: 512
 Card Set container configuration: InlinePtr #cards 5 size 8 Array Of Cards #cards 12 size 40 Howl #buckets 4 coarsen threshold 1843 Howl Bitmap #cards 512 size 80 coarsen threshold 460 Card regions per heap region 1 cards per card region 2048
 CPUs: 4 total, 4 available
 Memory: 6676M
 Large Page Support: Disabled
 NUMA Support: Disabled
 Compressed Oops: Enabled (32-bit)
 Heap Region Size: 1M
 Heap Min Capacity: 256M
 Heap Initial Capacity: 256M
 Heap Max Capacity: 512M
 Pre-touch: Disabled
 Parallel Workers: 4
 Concurrent Workers: 1
 Concurrent Refinement Workers: 4
 Periodic GC: Disabled
Heap:
 garbage-first heap   total 262144K, used 167681K [0x00000000e0000000, 0x0000000100000000)
  region size 1024K, 52 young (53248K), 12 survivors (12288K)
 Metaspace       used 98716K, committed 101184K, reserved 458752K
  class space    used 13463K, committed 14656K, reserved 327680K
GC Heap History (20 events):
Event: 6,023 GC heap before
{Heap before GC invocations=9 (full 0):
 garbage-first heap   total 262144K, used 181157K [0x00000000e0000000, 0x0000000100000000)
  region size 1024K, 153 young (156672K), 9 survivors (9216K)
 Metaspace       used 52141K, committed 53824K, reserved 393216K
  class space    used 7441K, committed 8256K, reserved 327680K
}
Event: 6,049 GC heap after
{Heap after GC invocations=10 (full 0):
 garbage-first heap   total 262144K, used 40330K [0x00000000e0000000, 0x0000000100000000)
  region size 1024K, 17 young (17408K), 17 survivors (17408K)
 Metaspace       used 52141K, committed 53824K, reserved 393216K
  class space    used 7441K, committed 8256K, reserved 327680K
}
Event: 7,193 GC heap before
{Heap before GC invocations=10 (full 0):
 garbage-first heap   total 262144K, used 114058K [0x00000000e0000000, 0x0000000100000000)
  region size 1024K, 91 young (93184K), 17 survivors (17408K)
 Metaspace       used 59686K, committed 61440K, reserved 393216K
  class space    used 8674K, committed 9536K, reserved 327680K
}
Event: 7,215 GC heap after
{Heap after GC invocations=11 (full 0):
 garbage-first heap   total 262144K, used 42661K [0x00000000e0000000, 0x0000000100000000)
  region size 1024K, 12 young (12288K), 12 survivors (12288K)
 Metaspace       used 59686K, committed 61440K, reserved 393216K
  class space    used 8674K, committed 9536K, reserved 327680K
}
Event: 7,259 GC heap before
{Heap before GC invocations=11 (full 0):
 garbage-first heap   total 262144K, used 44709K [0x00000000e0000000, 0x0000000100000000)
  region size 1024K, 15 young (15360K), 12 survivors (12288K)
 Metaspace       used 59995K, committed 61760K, reserved 393216K
  class space    used 8720K, committed 9600K, reserved 327680K
}
Event: 7,268 GC heap after
{Heap after GC invocations=12 (full 0):
 garbage-first heap   total 262144K, used 43008K [0x00000000e0000000, 0x0000000100000000)
  region size 1024K, 4 young (4096K), 4 survivors (4096K)
 Metaspace       used 59995K, committed 61760K, reserved 393216K
  class space    used 8720K, committed 9600K, reserved 327680K
}
Event: 16,308 GC heap before
{Heap before GC invocations=13 (full 0):
 garbage-first heap   total 262144K, used 205824K [0x00000000e0000000, 0x0000000100000000)
  region size 1024K, 153 young (156672K), 4 survivors (4096K)
 Metaspace       used 71558K, committed 73472K, reserved 393216K
  class space    used 10319K, committed 11264K, reserved 327680K
}
Event: 16,361 GC heap after
{Heap after GC invocations=14 (full 0):
 garbage-first heap   total 262144K, used 73465K [0x00000000e0000000, 0x0000000100000000)
  region size 1024K, 20 young (20480K), 20 survivors (20480K)
 Metaspace       used 71558K, committed 73472K, reserved 393216K
  class space    used 10319K, committed 11264K, reserved 327680K
}
Event: 18,275 GC heap before
{Heap before GC invocations=14 (full 0):
 garbage-first heap   total 262144K, used 222969K [0x00000000e0000000, 0x0000000100000000)
  region size 1024K, 153 young (156672K), 20 survivors (20480K)
 Metaspace       used 80640K, committed 82880K, reserved 458752K
  class space    used 11585K, committed 12672K, reserved 327680K
}
Event: 18,298 GC heap after
{Heap after GC invocations=15 (full 0):
 garbage-first heap   total 262144K, used 104448K [0x00000000e0000000, 0x0000000100000000)
  region size 1024K, 16 young (16384K), 16 survivors (16384K)
 Metaspace       used 80640K, committed 82880K, reserved 458752K
  class space    used 11585K, committed 12672K, reserved 327680K
}
Event: 44,493 GC heap before
{Heap before GC invocations=15 (full 0):
 garbage-first heap   total 262144K, used 228352K [0x00000000e0000000, 0x0000000100000000)
  region size 1024K, 138 young (141312K), 16 survivors (16384K)
 Metaspace       used 90578K, committed 92992K, reserved 458752K
  class space    used 12819K, committed 14016K, reserved 327680K
}
Event: 44,507 GC heap after
{Heap after GC invocations=16 (full 0):
 garbage-first heap   total 262144K, used 115496K [0x00000000e0000000, 0x0000000100000000)
  region size 1024K, 12 young (12288K), 12 survivors (12288K)
 Metaspace       used 90578K, committed 92992K, reserved 458752K
  class space    used 12819K, committed 14016K, reserved 327680K
}
Event: 345,110 GC heap before
{Heap before GC invocations=16 (full 0):
 garbage-first heap   total 262144K, used 229160K [0x00000000e0000000, 0x0000000100000000)
  region size 1024K, 124 young (126976K), 12 survivors (12288K)
 Metaspace       used 95122K, committed 97536K, reserved 458752K
  class space    used 13311K, committed 14464K, reserved 327680K
}
Event: 345,123 GC heap after
{Heap after GC invocations=17 (full 0):
 garbage-first heap   total 262144K, used 118568K [0x00000000e0000000, 0x0000000100000000)
  region size 1024K, 7 young (7168K), 7 survivors (7168K)
 Metaspace       used 95122K, committed 97536K, reserved 458752K
  class space    used 13311K, committed 14464K, reserved 327680K
}
Event: 1587,139 GC heap before
{Heap before GC invocations=18 (full 0):
 garbage-first heap   total 262144K, used 231208K [0x00000000e0000000, 0x0000000100000000)
  region size 1024K, 118 young (120832K), 7 survivors (7168K)
 Metaspace       used 96019K, committed 98368K, reserved 458752K
  class space    used 13296K, committed 14464K, reserved 327680K
}
Event: 1587,159 GC heap after
{Heap after GC invocations=19 (full 0):
 garbage-first heap   total 262144K, used 123026K [0x00000000e0000000, 0x0000000100000000)
  region size 1024K, 11 young (11264K), 11 survivors (11264K)
 Metaspace       used 96019K, committed 98368K, reserved 458752K
  class space    used 13296K, committed 14464K, reserved 327680K
}
Event: 3413,632 GC heap before
{Heap before GC invocations=19 (full 0):
 garbage-first heap   total 262144K, used 232594K [0x00000000e0000000, 0x0000000100000000)
  region size 1024K, 119 young (121856K), 11 survivors (11264K)
 Metaspace       used 96831K, committed 99200K, reserved 458752K
  class space    used 13315K, committed 14464K, reserved 327680K
}
Event: 3413,645 GC heap after
{Heap after GC invocations=20 (full 0):
 garbage-first heap   total 262144K, used 124931K [0x00000000e0000000, 0x0000000100000000)
  region size 1024K, 11 young (11264K), 11 survivors (11264K)
 Metaspace       used 96831K, committed 99200K, reserved 458752K
  class space    used 13315K, committed 14464K, reserved 327680K
}
Event: 4607,291 GC heap before
{Heap before GC invocations=20 (full 0):
 garbage-first heap   total 262144K, used 231427K [0x00000000e0000000, 0x0000000100000000)
  region size 1024K, 116 young (118784K), 11 survivors (11264K)
 Metaspace       used 98652K, committed 101120K, reserved 458752K
  class space    used 13463K, committed 14656K, reserved 327680K
}
Event: 4607,309 GC heap after
{Heap after GC invocations=21 (full 0):
 garbage-first heap   total 262144K, used 127745K [0x00000000e0000000, 0x0000000100000000)
  region size 1024K, 12 young (12288K), 12 survivors (12288K)
 Metaspace       used 98652K, committed 101120K, reserved 458752K
  class space    used 13463K, committed 14656K, reserved 327680K
}

